<?xml version="1.0" encoding="UTF-8"?>
<!-- Generated by org.testng.reporters.JUnitReportReporter -->
<testsuite hostname="ATMECSBLRLT-030" failures="0" tests="1" name="com.atmecs.SauceDemoWebsiteProject.testscript.SampleTestScript" time="2.634" errors="1" timestamp="27 Nov 2020 15:47:33 GMT" skipped="0">
  <testcase classname="com.atmecs.SauceDemoWebsiteProject.testscript.SampleTestScript" name="sampleTest" time="2.634">
    <error message="session not created: This version of ChromeDriver only supports Chrome version 84
Build info: version: &#039;3.141.59&#039;, revision: &#039;e82be7d358&#039;, time: &#039;2018-11-14T08:17:03&#039;
System info: host: &#039;ATMECSBLRLT-030&#039;, ip: &#039;192.168.201.34&#039;, os.name: &#039;Windows 10&#039;, os.arch: &#039;amd64&#039;, os.version: &#039;10.0&#039;, java.version: &#039;14.0.2&#039;
Driver info: driver.version: ChromeDriver
remote stacktrace: Backtrace:
	Ordinal0 [0x00D387E3+2852835]
	Ordinal0 [0x00C25BB1+1727409]
	Ordinal0 [0x00AFE4B9+517305]
	Ordinal0 [0x00A90BA0+68512]
	Ordinal0 [0x00A8D3A0+54176]
	Ordinal0 [0x00AAD9F7+186871]
	Ordinal0 [0x00AAD7FD+186365]
	Ordinal0 [0x00AAB70B+177931]
	Ordinal0 [0x00A92584+75140]
	Ordinal0 [0x00A93650+79440]
	Ordinal0 [0x00A935E9+79337]
	Ordinal0 [0x00C3AD5C+1813852]
	GetHandleVerifier [0x00E5C616+1075574]
	GetHandleVerifier [0x00E5C367+1074887]
	GetHandleVerifier [0x00E67497+1120247]
	GetHandleVerifier [0x00E5CC16+1077110]
	Ordinal0 [0x00C33206+1782278]
	Ordinal0 [0x00C3C3BB+1819579]
	Ordinal0 [0x00C3C523+1819939]
	Ordinal0 [0x00C52B45+1911621]
	BaseThreadInitThunk [0x75990419+25]
	RtlGetAppContainerNamedObjectPath [0x76F366DD+237]
	RtlGetAppContainerNamedObjectPath [0x76F366AD+189]
" type="org.openqa.selenium.SessionNotCreatedException">
      <![CDATA[org.openqa.selenium.SessionNotCreatedException: session not created: This version of ChromeDriver only supports Chrome version 84
Build info: version: '3.141.59', revision: 'e82be7d358', time: '2018-11-14T08:17:03'
System info: host: 'ATMECSBLRLT-030', ip: '192.168.201.34', os.name: 'Windows 10', os.arch: 'amd64', os.version: '10.0', java.version: '14.0.2'
Driver info: driver.version: ChromeDriver
remote stacktrace: Backtrace:
Ordinal0 [0x00D387E3+2852835]
Ordinal0 [0x00C25BB1+1727409]
Ordinal0 [0x00AFE4B9+517305]
Ordinal0 [0x00A90BA0+68512]
Ordinal0 [0x00A8D3A0+54176]
Ordinal0 [0x00AAD9F7+186871]
Ordinal0 [0x00AAD7FD+186365]
Ordinal0 [0x00AAB70B+177931]
Ordinal0 [0x00A92584+75140]
Ordinal0 [0x00A93650+79440]
Ordinal0 [0x00A935E9+79337]
Ordinal0 [0x00C3AD5C+1813852]
GetHandleVerifier [0x00E5C616+1075574]
GetHandleVerifier [0x00E5C367+1074887]
GetHandleVerifier [0x00E67497+1120247]
GetHandleVerifier [0x00E5CC16+1077110]
Ordinal0 [0x00C33206+1782278]
Ordinal0 [0x00C3C3BB+1819579]
Ordinal0 [0x00C3C523+1819939]
Ordinal0 [0x00C52B45+1911621]
BaseThreadInitThunk [0x75990419+25]
RtlGetAppContainerNamedObjectPath [0x76F366DD+237]
RtlGetAppContainerNamedObjectPath [0x76F366AD+189]

at java.base/jdk.internal.reflect.NativeConstructorAccessorImpl.newInstance0(Native Method)
at java.base/jdk.internal.reflect.NativeConstructorAccessorImpl.newInstance(NativeConstructorAccessorImpl.java:62)
at java.base/jdk.internal.reflect.DelegatingConstructorAccessorImpl.newInstance(DelegatingConstructorAccessorImpl.java:45)
at java.base/java.lang.reflect.Constructor.newInstanceWithCaller(Constructor.java:500)
at java.base/java.lang.reflect.Constructor.newInstance(Constructor.java:481)
at org.openqa.selenium.remote.W3CHandshakeResponse.lambda$errorHandler$0(W3CHandshakeResponse.java:62)
at org.openqa.selenium.remote.HandshakeResponse.lambda$getResponseFunction$0(HandshakeResponse.java:30)
at org.openqa.selenium.remote.ProtocolHandshake.lambda$createSession$0(ProtocolHandshake.java:126)
at java.base/java.util.stream.ReferencePipeline$3$1.accept(ReferencePipeline.java:195)
at java.base/java.util.Spliterators$ArraySpliterator.tryAdvance(Spliterators.java:958)
at java.base/java.util.stream.ReferencePipeline.forEachWithCancel(ReferencePipeline.java:127)
at java.base/java.util.stream.AbstractPipeline.copyIntoWithCancel(AbstractPipeline.java:502)
at java.base/java.util.stream.AbstractPipeline.copyInto(AbstractPipeline.java:488)
at java.base/java.util.stream.AbstractPipeline.wrapAndCopyInto(AbstractPipeline.java:474)
at java.base/java.util.stream.FindOps$FindOp.evaluateSequential(FindOps.java:150)
at java.base/java.util.stream.AbstractPipeline.evaluate(AbstractPipeline.java:234)
at java.base/java.util.stream.ReferencePipeline.findFirst(ReferencePipeline.java:543)
at org.openqa.selenium.remote.ProtocolHandshake.createSession(ProtocolHandshake.java:128)
at org.openqa.selenium.remote.ProtocolHandshake.createSession(ProtocolHandshake.java:74)
at org.openqa.selenium.remote.HttpCommandExecutor.execute(HttpCommandExecutor.java:136)
at org.openqa.selenium.remote.service.DriverCommandExecutor.execute(DriverCommandExecutor.java:83)
at org.openqa.selenium.remote.RemoteWebDriver.execute(RemoteWebDriver.java:552)
at org.openqa.selenium.remote.RemoteWebDriver.startSession(RemoteWebDriver.java:213)
at org.openqa.selenium.remote.RemoteWebDriver.<init>(RemoteWebDriver.java:131)
at org.openqa.selenium.chrome.ChromeDriver.<init>(ChromeDriver.java:181)
at org.openqa.selenium.chrome.ChromeDriver.<init>(ChromeDriver.java:168)
at org.openqa.selenium.chrome.ChromeDriver.<init>(ChromeDriver.java:123)
at com.atmecs.falcon.automation.ui.selenium.RunModeLocal.setChromeDriver(RunModeLocal.java:164)
at com.atmecs.falcon.automation.ui.selenium.RunModeLocal.<init>(RunModeLocal.java:51)
at com.atmecs.falcon.automation.ui.selenium.RunModeFactory.getRunMode(RunModeFactory.java:23)
at com.atmecs.falcon.automation.ui.selenium.Browser.openURL(Browser.java:375)
at com.atmecs.SauceDemoWebsiteProject.testscript.SampleTestScript.sampleTest(SampleTestScript.java:23)
at java.base/jdk.internal.reflect.NativeMethodAccessorImpl.invoke0(Native Method)
at java.base/jdk.internal.reflect.NativeMethodAccessorImpl.invoke(NativeMethodAccessorImpl.java:62)
at java.base/jdk.internal.reflect.DelegatingMethodAccessorImpl.invoke(DelegatingMethodAccessorImpl.java:43)
at java.base/java.lang.reflect.Method.invoke(Method.java:564)
at org.testng.internal.MethodInvocationHelper.invokeMethod(MethodInvocationHelper.java:124)
at org.testng.internal.Invoker.invokeMethod(Invoker.java:583)
at org.testng.internal.Invoker.invokeTestMethod(Invoker.java:719)
at org.testng.internal.Invoker.invokeTestMethods(Invoker.java:989)
at org.testng.internal.TestMethodWorker.invokeTestMethods(TestMethodWorker.java:125)
at org.testng.internal.TestMethodWorker.run(TestMethodWorker.java:109)
at org.testng.TestRunner.privateRun(TestRunner.java:648)
at org.testng.TestRunner.run(TestRunner.java:505)
at org.testng.SuiteRunner.runTest(SuiteRunner.java:455)
at org.testng.SuiteRunner.runSequentially(SuiteRunner.java:450)
at org.testng.SuiteRunner.privateRun(SuiteRunner.java:415)
at org.testng.SuiteRunner.run(SuiteRunner.java:364)
at org.testng.SuiteRunnerWorker.runSuite(SuiteRunnerWorker.java:52)
at org.testng.SuiteRunnerWorker.run(SuiteRunnerWorker.java:84)
at org.testng.TestNG.runSuitesSequentially(TestNG.java:1208)
at org.testng.TestNG.runSuitesLocally(TestNG.java:1137)
at org.testng.TestNG.runSuites(TestNG.java:1049)
at org.testng.TestNG.run(TestNG.java:1017)
at com.atmecs.SauceDemoWebsiteProject.runner.TestNGRunner.main(TestNGRunner.java:63)
at java.base/jdk.internal.reflect.NativeMethodAccessorImpl.invoke0(Native Method)
at java.base/jdk.internal.reflect.NativeMethodAccessorImpl.invoke(NativeMethodAccessorImpl.java:62)
at java.base/jdk.internal.reflect.DelegatingMethodAccessorImpl.invoke(DelegatingMethodAccessorImpl.java:43)
at java.base/java.lang.reflect.Method.invoke(Method.java:564)
at org.codehaus.mojo.exec.ExecJavaMojo$1.run(ExecJavaMojo.java:294)
at java.base/java.lang.Thread.run(Thread.java:832)
]]>
    </error>
  </testcase> <!-- sampleTest -->
</testsuite> <!-- com.atmecs.SauceDemoWebsiteProject.testscript.SampleTestScript -->
